2023-04-02 21:01:32.393079 - Initialized conversion of CBT019
2023-04-02 21:01:33.557547 - Received CBT.V504.FILE019.PDS from FILE019.XMI 
2023-04-02 21:01:33.560440 - Found $$$#DATE.txt (text/plain) in CBT.V504.FILE019.PDS, moved to PDS/$$$#DATE
2023-04-02 21:01:33.561538 - Found $$CHANGE.txt (text/plain) in CBT.V504.FILE019.PDS, moved to PDS/$$CHANGE
2023-04-02 21:01:33.562592 - Found $$DOC.txt (text/plain) in CBT.V504.FILE019.PDS, moved to PDS/$$DOC
2023-04-02 21:01:33.563530 - Found $$NOTE1.txt (text/plain) in CBT.V504.FILE019.PDS, moved to PDS/$$NOTE1
2023-04-02 21:01:33.564448 - Found $$NOTE2.txt (text/plain) in CBT.V504.FILE019.PDS, moved to PDS/$$NOTE2
2023-04-02 21:01:33.565539 - Found $$NOTE3.txt (text/plain) in CBT.V504.FILE019.PDS, moved to PDS/$$NOTE3
2023-04-02 21:01:33.566487 - Found $$NOTE4.txt (text/plain) in CBT.V504.FILE019.PDS, moved to PDS/$$NOTE4
2023-04-02 21:01:33.567519 - Found $$NOTE5.txt (text/plain) in CBT.V504.FILE019.PDS, moved to PDS/$$NOTE5
2023-04-02 21:01:33.568518 - Found $$NOTE6.txt (text/plain) in CBT.V504.FILE019.PDS, moved to PDS/$$NOTE6
2023-04-02 21:01:33.569533 - Found $BLKSCAN.txt (text/plain) in CBT.V504.FILE019.PDS, moved to PDS/$BLKSCAN
2023-04-02 21:01:33.570455 - Found $CHECKPV.txt (text/plain) in CBT.V504.FILE019.PDS, moved to PDS/$CHECKPV
2023-04-02 21:01:33.571661 - Found $COMMAND.txt (text/plain) in CBT.V504.FILE019.PDS, moved to PDS/$COMMAND
2023-04-02 21:01:33.572599 - Found $CONSOLE.txt (text/plain) in CBT.V504.FILE019.PDS, moved to PDS/$CONSOLE
2023-04-02 21:01:33.573606 - Found $FLCACHE.txt (text/plain) in CBT.V504.FILE019.PDS, moved to PDS/$FLCACHE
2023-04-02 21:01:33.574550 - Found $FLSMFCT.txt (text/plain) in CBT.V504.FILE019.PDS, moved to PDS/$FLSMFCT
2023-04-02 21:01:33.575549 - Found $FLSMFDS.txt (text/plain) in CBT.V504.FILE019.PDS, moved to PDS/$FLSMFDS
2023-04-02 21:01:33.576860 - Found $FLSMFJB.txt (text/plain) in CBT.V504.FILE019.PDS, moved to PDS/$FLSMFJB
2023-04-02 21:01:33.577844 - Found $FLSMFSR.txt (text/plain) in CBT.V504.FILE019.PDS, moved to PDS/$FLSMFSR
2023-04-02 21:01:33.578750 - Found $FLVOLLS.txt (text/plain) in CBT.V504.FILE019.PDS, moved to PDS/$FLVOLLS
2023-04-02 21:01:33.579771 - Found $JES$LF.txt (text/plain) in CBT.V504.FILE019.PDS, moved to PDS/$JES$LF
2023-04-02 21:01:33.580750 - Found $LISTF.txt (text/plain) in CBT.V504.FILE019.PDS, moved to PDS/$LISTF
2023-04-02 21:01:33.581679 - Found $MODLOOK.txt (text/plain) in CBT.V504.FILE019.PDS, moved to PDS/$MODLOOK
2023-04-02 21:01:33.582554 - Found $PAGEFIX.txt (text/plain) in CBT.V504.FILE019.PDS, moved to PDS/$PAGEFIX
2023-04-02 21:01:33.583413 - Found $SMAP.txt (text/plain) in CBT.V504.FILE019.PDS, moved to PDS/$SMAP
2023-04-02 21:01:33.584279 - Found @BLKSCAN.jcl (text/plain) in CBT.V504.FILE019.PDS, moved to PDS/@BLKSCAN
2023-04-02 21:01:33.585123 - Found @CHECKPV.txt (text/plain) in CBT.V504.FILE019.PDS, moved to PDS/@CHECKPV
2023-04-02 21:01:33.585979 - Found @COMMAND.txt (text/plain) in CBT.V504.FILE019.PDS, moved to PDS/@COMMAND
2023-04-02 21:01:33.586895 - Found @FILE019.txt (text/plain) in CBT.V504.FILE019.PDS, moved to PDS/@FILE019
2023-04-02 21:01:33.587907 - Found @FLCACHE.jcl (text/plain) in CBT.V504.FILE019.PDS, moved to PDS/@FLCACHE
2023-04-02 21:01:33.588892 - Found @FLSMFCT.jcl (text/plain) in CBT.V504.FILE019.PDS, moved to PDS/@FLSMFCT
2023-04-02 21:01:33.589779 - Found @FLSMFDS.jcl (text/plain) in CBT.V504.FILE019.PDS, moved to PDS/@FLSMFDS
2023-04-02 21:01:33.590806 - Found @FLSMFJB.jcl (text/plain) in CBT.V504.FILE019.PDS, moved to PDS/@FLSMFJB
2023-04-02 21:01:33.591863 - Found @FLSMFSR.jcl (text/plain) in CBT.V504.FILE019.PDS, moved to PDS/@FLSMFSR
2023-04-02 21:01:33.592757 - Found @FLVOLLS.jcl (text/plain) in CBT.V504.FILE019.PDS, moved to PDS/@FLVOLLS
2023-04-02 21:01:33.593654 - Found @MODLOOK.jcl (text/plain) in CBT.V504.FILE019.PDS, moved to PDS/@MODLOOK
2023-04-02 21:01:33.594499 - Found @PAGEFIX.jcl (text/plain) in CBT.V504.FILE019.PDS, moved to PDS/@PAGEFIX
2023-04-02 21:01:33.595745 - Found @SMAP.jcl (text/plain) in CBT.V504.FILE019.PDS, moved to PDS/@SMAP
2023-04-02 21:01:33.596866 - Found BLKSCAN.txt (text/plain) in CBT.V504.FILE019.PDS, moved to PDS/BLKSCAN
2023-04-02 21:01:33.597876 - Found CHECKPVT.txt (text/plain) in CBT.V504.FILE019.PDS, moved to PDS/CHECKPVT
2023-04-02 21:01:33.598996 - Found COMMAND.txt (text/plain) in CBT.V504.FILE019.PDS, moved to PDS/COMMAND
2023-04-02 21:01:33.600052 - Found CONSOLE.txt (text/plain) in CBT.V504.FILE019.PDS, moved to PDS/CONSOLE
2023-04-02 21:01:33.601027 - Found FLCACHE.txt (text/plain) in CBT.V504.FILE019.PDS, moved to PDS/FLCACHE
2023-04-02 21:01:33.602108 - Found FLSMFCAT.txt (text/plain) in CBT.V504.FILE019.PDS, moved to PDS/FLSMFCAT
2023-04-02 21:01:33.603886 - Found FLSMFDSN.txt (text/plain) in CBT.V504.FILE019.PDS, moved to PDS/FLSMFDSN
2023-04-02 21:01:33.605448 - Found FLSMFDSZ.txt (text/plain) in CBT.V504.FILE019.PDS, moved to PDS/FLSMFDSZ
2023-04-02 21:01:33.607628 - Found FLSMFJOB.txt (text/plain) in CBT.V504.FILE019.PDS, moved to PDS/FLSMFJOB
2023-04-02 21:01:33.609356 - Found FLSMFJO1.txt (text/plain) in CBT.V504.FILE019.PDS, moved to PDS/FLSMFJO1
2023-04-02 21:01:33.611011 - Found FLSMFJO2.txt (text/plain) in CBT.V504.FILE019.PDS, moved to PDS/FLSMFJO2
2023-04-02 21:01:33.612397 - Found FLSMFSRT.txt (text/plain) in CBT.V504.FILE019.PDS, moved to PDS/FLSMFSRT
2023-04-02 21:01:33.613410 - Found FLVOLLST.txt (text/plain) in CBT.V504.FILE019.PDS, moved to PDS/FLVOLLST
2023-04-02 21:01:33.614428 - Found JES$LF.txt (text/plain) in CBT.V504.FILE019.PDS, moved to PDS/JES$LF
2023-04-02 21:01:33.615313 - Found LISTF$.jcl (text/plain) in CBT.V504.FILE019.PDS, moved to PDS/LISTF$
2023-04-02 21:01:33.616480 - Found LISTFSP.txt (text/plain) in CBT.V504.FILE019.PDS, moved to PDS/LISTFSP
2023-04-02 21:01:33.617501 - Found LISTF01.txt (text/plain) in CBT.V504.FILE019.PDS, moved to PDS/LISTF01
2023-04-02 21:01:33.618717 - Found LISTF02.txt (text/plain) in CBT.V504.FILE019.PDS, moved to PDS/LISTF02
2023-04-02 21:01:33.619665 - Found MODLOOK.txt (text/plain) in CBT.V504.FILE019.PDS, moved to PDS/MODLOOK
2023-04-02 21:01:33.620804 - Found PAGEFIX.txt (text/plain) in CBT.V504.FILE019.PDS, moved to PDS/PAGEFIX
2023-04-02 21:01:33.621838 - Found SMAP.txt (text/plain) in CBT.V504.FILE019.PDS, moved to PDS/SMAP
